Performing C++ SOURCE FILE Test CXX_SUPPORTS_CLASS_MEMACCESS_FLAG failed with the following output:
Change Dir: /nullpointer/build/CMakeFiles/CMakeTmp

Run Build Command(s):/usr/bin/gmake -f Makefile cmTC_e267d/fast && /usr/bin/gmake  -f CMakeFiles/cmTC_e267d.dir/build.make CMakeFiles/cmTC_e267d.dir/build
gmake[1]: Entering directory '/nullpointer/build/CMakeFiles/CMakeTmp'
Building CXX object CMakeFiles/cmTC_e267d.dir/src.cxx.o
/usr/bin/clang++ -DCXX_SUPPORTS_CLASS_MEMACCESS_FLAG  -fPIC -fno-semantic-interposition -fvisibility-inlines-hidden -Werror=date-time -Werror=unguarded-availability-new -Wall -Wextra -Wno-unused-parameter -Wwrite-strings -Wcast-qual -Wmissing-field-initializers -Wimplicit-fallthrough -Wcovered-switch-default    -Wclass-memaccess -MD -MT CMakeFiles/cmTC_e267d.dir/src.cxx.o -MF CMakeFiles/cmTC_e267d.dir/src.cxx.o.d -o CMakeFiles/cmTC_e267d.dir/src.cxx.o -c /nullpointer/build/CMakeFiles/CMakeTmp/src.cxx
warning: unknown warning option '-Wclass-memaccess'; did you mean '-Wclass-varargs'? [-Wunknown-warning-option]
1 warning generated.
Linking CXX executable cmTC_e267d
/usr/bin/cmake -E cmake_link_script CMakeFiles/cmTC_e267d.dir/link.txt --verbose=1
/usr/bin/clang++  -fPIC -fno-semantic-interposition -fvisibility-inlines-hidden -Werror=date-time -Werror=unguarded-availability-new -Wall -Wextra -Wno-unused-parameter -Wwrite-strings -Wcast-qual -Wmissing-field-initializers -Wimplicit-fallthrough -Wcovered-switch-default  CMakeFiles/cmTC_e267d.dir/src.cxx.o -o cmTC_e267d 
gmake[1]: Leaving directory '/nullpointer/build/CMakeFiles/CMakeTmp'


Source file was:
int main() { return 0; }
Determining if the os_signpost_interval_begin exist failed with the following output:
Change Dir: /nullpointer/build/CMakeFiles/CMakeTmp

Run Build Command(s):/usr/bin/gmake -f Makefile cmTC_4a65c/fast && /usr/bin/gmake  -f CMakeFiles/cmTC_4a65c.dir/build.make CMakeFiles/cmTC_4a65c.dir/build
gmake[1]: Entering directory '/nullpointer/build/CMakeFiles/CMakeTmp'
Building C object CMakeFiles/cmTC_4a65c.dir/CheckSymbolExists.c.o
/usr/bin/clang   -fPIC -fno-semantic-interposition  -Wall -Wextra -Wno-unused-parameter -Wwrite-strings -Wmissing-field-initializers -Wimplicit-fallthrough -Wcovered-switch-default -Wstring-conversion -Wmisleading-indentation -ffunction-sections -fdata-sections  -MD -MT CMakeFiles/cmTC_4a65c.dir/CheckSymbolExists.c.o -MF CMakeFiles/cmTC_4a65c.dir/CheckSymbolExists.c.o.d -o CMakeFiles/cmTC_4a65c.dir/CheckSymbolExists.c.o -c /nullpointer/build/CMakeFiles/CMakeTmp/CheckSymbolExists.c
/nullpointer/build/CMakeFiles/CMakeTmp/CheckSymbolExists.c:2:10: fatal error: 'os/signpost.h' file not found
#include <os/signpost.h>
         ^~~~~~~~~~~~~~~
1 error generated.
gmake[1]: *** [CMakeFiles/cmTC_4a65c.dir/build.make:79: CMakeFiles/cmTC_4a65c.dir/CheckSymbolExists.c.o] Error 1
gmake[1]: Leaving directory '/nullpointer/build/CMakeFiles/CMakeTmp'
gmake: *** [Makefile:127: cmTC_4a65c/fast] Error 2


File /nullpointer/build/CMakeFiles/CMakeTmp/CheckSymbolExists.c:
/* */
#include <os/signpost.h>

int main(int argc, char** argv)
{
  (void)argv;
#ifndef os_signpost_interval_begin
  return ((int*)(&os_signpost_interval_begin))[argc];
#else
  (void)argc;
  return 0;
#endif
}
